0:0:0:0:0:0:0:1 - - [15/Nov/2017:09:50:16 +0000] "GET /add HTTP/1.1" 500 13
0:0:0:0:0:0:0:1 - - [15/Nov/2017:09:50:48 +0000] "GET /add HTTP/1.1" 200 -
0:0:0:0:0:0:0:1 - - [15/Nov/2017:09:50:49 +0000] "GET /favicon.ico HTTP/1.1" 200 946
0:0:0:0:0:0:0:1 - - [15/Nov/2017:10:14:58 +0000] "GET /users/0 HTTP/1.1" 500 13
0:0:0:0:0:0:0:1 - - [15/Nov/2017:10:15:12 +0000] "GET /users/1 HTTP/1.1" 500 13
0:0:0:0:0:0:0:1 - - [15/Nov/2017:10:21:05 +0000] "GET /users/1 HTTP/1.1" 500 13
0:0:0:0:0:0:0:1 - - [15/Nov/2017:10:21:05 +0000] "GET /favicon.ico HTTP/1.1" 200 946
0:0:0:0:0:0:0:1 - - [15/Nov/2017:10:33:06 +0000] "GET /users/1 HTTP/1.1" 500 13
0:0:0:0:0:0:0:1 - - [15/Nov/2017:10:33:51 +0000] "GET /users/1 HTTP/1.1" 500 13
0:0:0:0:0:0:0:1 - - [15/Nov/2017:10:33:52 +0000] "GET /favicon.ico HTTP/1.1" 200 946
0:0:0:0:0:0:0:1 - - [15/Nov/2017:10:35:34 +0000] "GET /users/1 HTTP/1.1" 200 161
0:0:0:0:0:0:0:1 - - [15/Nov/2017:10:35:34 +0000] "GET /favicon.ico HTTP/1.1" 200 946
0:0:0:0:0:0:0:1 - - [15/Nov/2017:10:36:39 +0000] "GET /users/1 HTTP/1.1" 200 161
0:0:0:0:0:0:0:1 - - [15/Nov/2017:10:36:39 +0000] "GET /favicon.ico HTTP/1.1" 200 946
0:0:0:0:0:0:0:1 - - [15/Nov/2017:10:37:54 +0000] "GET /users/1 HTTP/1.1" 200 161
0:0:0:0:0:0:0:1 - - [15/Nov/2017:10:37:54 +0000] "GET /favicon.ico HTTP/1.1" 200 946
0:0:0:0:0:0:0:1 - - [15/Nov/2017:10:38:13 +0000] "GET /users/1 HTTP/1.1" 200 161
0:0:0:0:0:0:0:1 - - [15/Nov/2017:10:38:14 +0000] "GET /favicon.ico HTTP/1.1" 200 946
0:0:0:0:0:0:0:1 - - [15/Nov/2017:10:38:18 +0000] "GET /users/0 HTTP/1.1" 200 119
0:0:0:0:0:0:0:1 - - [15/Nov/2017:10:38:23 +0000] "GET /users/2 HTTP/1.1" 200 112
0:0:0:0:0:0:0:1 - - [15/Nov/2017:13:57:58 +0000] "GET / HTTP/1.1" 401 13
0:0:0:0:0:0:0:1 - - [15/Nov/2017:13:58:27 +0000] "GET / HTTP/1.1" 401 13
0:0:0:0:0:0:0:1 - - [15/Nov/2017:13:58:44 +0000] "GET / HTTP/1.1" 401 13
0:0:0:0:0:0:0:1 - - [15/Nov/2017:13:59:01 +0000] "GET /login HTTP/1.1" 401 13
0:0:0:0:0:0:0:1 - - [15/Nov/2017:14:00:15 +0000] "GET / HTTP/1.1" 401 13
0:0:0:0:0:0:0:1 - - [15/Nov/2017:14:01:10 +0000] "GET / HTTP/1.1" 401 13
0:0:0:0:0:0:0:1 - - [15/Nov/2017:14:02:12 +0000] "GET /login HTTP/1.1" 401 13
0:0:0:0:0:0:0:1 - - [15/Nov/2017:14:04:02 +0000] "GET /login HTTP/1.1" 401 13
0:0:0:0:0:0:0:1 - - [15/Nov/2017:14:04:08 +0000] "GET /login HTTP/1.1" 401 13
0:0:0:0:0:0:0:1 - - [15/Nov/2017:14:04:11 +0000] "GET /login HTTP/1.1" 401 13
0:0:0:0:0:0:0:1 - - [15/Nov/2017:14:07:15 +0000] "GET / HTTP/1.1" 500 13
0:0:0:0:0:0:0:1 - - [15/Nov/2017:14:08:04 +0000] "GET /login HTTP/1.1" 200 1652
0:0:0:0:0:0:0:1 - - [15/Nov/2017:14:08:04 +0000] "GET /css/signin.css HTTP/1.1" 200 864
0:0:0:0:0:0:0:1 - - [15/Nov/2017:14:08:04 +0000] "GET /css/bootstrap.min.css HTTP/1.1" 200 121200
0:0:0:0:0:0:0:1 - - [15/Nov/2017:14:08:23 +0000] "POST /login HTTP/1.1" 405 13
0:0:0:0:0:0:0:1 - - [15/Nov/2017:14:09:14 +0000] "GET /index HTTP/1.1" 404 13
0:0:0:0:0:0:0:1 - - [15/Nov/2017:14:10:47 +0000] "GET / HTTP/1.1" 200 1155
0:0:0:0:0:0:0:1 - - [15/Nov/2017:14:10:47 +0000] "GET /css/bootstrap.min.css HTTP/1.1" 200 121200
0:0:0:0:0:0:0:1 - - [15/Nov/2017:14:11:14 +0000] "POST /logout HTTP/1.1" 404 13
0:0:0:0:0:0:0:1 - - [15/Nov/2017:14:11:24 +0000] "GET /login HTTP/1.1" 200 1652
0:0:0:0:0:0:0:1 - - [15/Nov/2017:14:11:24 +0000] "GET /css/signin.css HTTP/1.1" 200 864
0:0:0:0:0:0:0:1 - - [15/Nov/2017:14:11:24 +0000] "GET /css/bootstrap.min.css HTTP/1.1" 200 121200
0:0:0:0:0:0:0:1 - - [15/Nov/2017:14:11:33 +0000] "GET / HTTP/1.1" 200 1155
0:0:0:0:0:0:0:1 - - [15/Nov/2017:14:11:33 +0000] "GET /css/bootstrap.min.css HTTP/1.1" 200 121200
0:0:0:0:0:0:0:1 - - [15/Nov/2017:14:11:37 +0000] "GET / HTTP/1.1" 200 1155
0:0:0:0:0:0:0:1 - - [15/Nov/2017:14:11:37 +0000] "GET /css/bootstrap.min.css HTTP/1.1" 200 121200
0:0:0:0:0:0:0:1 - - [15/Nov/2017:14:11:43 +0000] "POST /logout HTTP/1.1" 404 13
0:0:0:0:0:0:0:1 - - [15/Nov/2017:14:14:36 +0000] "GET /css/bootstrap.min.css HTTP/1.1" 200 121200
0:0:0:0:0:0:0:1 - - [15/Nov/2017:14:14:38 +0000] "POST /logout HTTP/1.1" 404 13
0:0:0:0:0:0:0:1 - - [15/Nov/2017:14:14:44 +0000] "GET /login HTTP/1.1" 200 1652
0:0:0:0:0:0:0:1 - - [15/Nov/2017:14:14:44 +0000] "GET /css/signin.css HTTP/1.1" 200 864
0:0:0:0:0:0:0:1 - - [15/Nov/2017:14:14:44 +0000] "GET /css/bootstrap.min.css HTTP/1.1" 200 121200
0:0:0:0:0:0:0:1 - - [15/Nov/2017:14:14:54 +0000] "POST /login HTTP/1.1" 405 13
0:0:0:0:0:0:0:1 - - [15/Nov/2017:14:29:17 +0000] "GET / HTTP/1.1" 200 1155
0:0:0:0:0:0:0:1 - - [15/Nov/2017:14:29:17 +0000] "GET /css/bootstrap.min.css HTTP/1.1" 200 121200
0:0:0:0:0:0:0:1 - - [15/Nov/2017:14:29:23 +0000] "POST /logout HTTP/1.1" 404 13
0:0:0:0:0:0:0:1 - - [15/Nov/2017:14:30:49 +0000] "GET / HTTP/1.1" 200 1155
0:0:0:0:0:0:0:1 - - [15/Nov/2017:14:30:49 +0000] "GET /css/bootstrap.min.css HTTP/1.1" 200 121200
0:0:0:0:0:0:0:1 - - [15/Nov/2017:14:30:52 +0000] "POST /logout HTTP/1.1" 404 13
0:0:0:0:0:0:0:1 - - [15/Nov/2017:14:31:19 +0000] "GET / HTTP/1.1" 401 13
0:0:0:0:0:0:0:1 - - [15/Nov/2017:14:33:24 +0000] "GET / HTTP/1.1" 401 13
0:0:0:0:0:0:0:1 - - [15/Nov/2017:14:33:24 +0000] "GET / HTTP/1.1" 401 13
0:0:0:0:0:0:0:1 - - [15/Nov/2017:14:33:25 +0000] "GET / HTTP/1.1" 401 13
0:0:0:0:0:0:0:1 - - [15/Nov/2017:14:33:25 +0000] "GET / HTTP/1.1" 401 13
0:0:0:0:0:0:0:1 - - [15/Nov/2017:14:33:25 +0000] "GET / HTTP/1.1" 401 13
0:0:0:0:0:0:0:1 - - [15/Nov/2017:14:33:25 +0000] "GET / HTTP/1.1" 401 13
0:0:0:0:0:0:0:1 - - [15/Nov/2017:14:33:25 +0000] "GET / HTTP/1.1" 401 13
0:0:0:0:0:0:0:1 - - [15/Nov/2017:14:33:26 +0000] "GET / HTTP/1.1" 401 13
0:0:0:0:0:0:0:1 - - [15/Nov/2017:14:38:30 +0000] "GET /login HTTP/1.1" 401 13
0:0:0:0:0:0:0:1 - - [15/Nov/2017:15:07:47 +0000] "GET / HTTP/1.1" 200 1249
0:0:0:0:0:0:0:1 - - [15/Nov/2017:15:07:47 +0000] "GET /css/bootstrap.min.css HTTP/1.1" 200 121200
0:0:0:0:0:0:0:1 - - [15/Nov/2017:15:07:53 +0000] "POST /logout HTTP/1.1" 302 -
0:0:0:0:0:0:0:1 - - [15/Nov/2017:15:07:53 +0000] "GET /login?logout HTTP/1.1" 200 1773
0:0:0:0:0:0:0:1 - - [15/Nov/2017:15:07:53 +0000] "GET /css/bootstrap.min.css HTTP/1.1" 200 121200
0:0:0:0:0:0:0:1 - - [15/Nov/2017:15:07:53 +0000] "GET /css/signin.css HTTP/1.1" 200 864
0:0:0:0:0:0:0:1 - - [15/Nov/2017:15:08:05 +0000] "POST /login HTTP/1.1" 302 -
0:0:0:0:0:0:0:1 - - [15/Nov/2017:15:08:05 +0000] "GET / HTTP/1.1" 200 1323
0:0:0:0:0:0:0:1 - - [15/Nov/2017:15:08:05 +0000] "GET /css/bootstrap.min.css HTTP/1.1" 200 121200
0:0:0:0:0:0:0:1 - - [15/Nov/2017:15:08:09 +0000] "POST /logout HTTP/1.1" 302 -
0:0:0:0:0:0:0:1 - - [15/Nov/2017:15:08:09 +0000] "GET /login?logout HTTP/1.1" 200 1773
0:0:0:0:0:0:0:1 - - [15/Nov/2017:15:08:09 +0000] "GET /css/signin.css HTTP/1.1" 200 864
0:0:0:0:0:0:0:1 - - [15/Nov/2017:15:08:09 +0000] "GET /css/bootstrap.min.css HTTP/1.1" 200 121200
0:0:0:0:0:0:0:1 - - [15/Nov/2017:15:08:13 +0000] "POST /login HTTP/1.1" 302 -
0:0:0:0:0:0:0:1 - - [15/Nov/2017:15:08:13 +0000] "GET / HTTP/1.1" 200 1317
0:0:0:0:0:0:0:1 - - [15/Nov/2017:15:08:14 +0000] "GET /css/bootstrap.min.css HTTP/1.1" 200 121200
0:0:0:0:0:0:0:1 - - [15/Nov/2017:15:22:02 +0000] "GET / HTTP/1.1" 200 1249
0:0:0:0:0:0:0:1 - - [15/Nov/2017:15:22:02 +0000] "GET /css/bootstrap.min.css HTTP/1.1" 200 121200
0:0:0:0:0:0:0:1 - - [15/Nov/2017:15:22:04 +0000] "POST /logout HTTP/1.1" 302 -
0:0:0:0:0:0:0:1 - - [15/Nov/2017:15:22:04 +0000] "GET /login?logout HTTP/1.1" 200 1773
0:0:0:0:0:0:0:1 - - [15/Nov/2017:15:22:04 +0000] "GET /css/bootstrap.min.css HTTP/1.1" 200 121200
0:0:0:0:0:0:0:1 - - [15/Nov/2017:15:22:04 +0000] "GET /css/signin.css HTTP/1.1" 200 864
0:0:0:0:0:0:0:1 - - [15/Nov/2017:15:22:13 +0000] "POST /login HTTP/1.1" 302 -
0:0:0:0:0:0:0:1 - - [15/Nov/2017:15:22:13 +0000] "GET /login?error HTTP/1.1" 200 1774
0:0:0:0:0:0:0:1 - - [15/Nov/2017:15:22:13 +0000] "GET /css/bootstrap.min.css HTTP/1.1" 200 121200
0:0:0:0:0:0:0:1 - - [15/Nov/2017:15:22:13 +0000] "GET /css/signin.css HTTP/1.1" 200 864
0:0:0:0:0:0:0:1 - - [15/Nov/2017:15:22:24 +0000] "POST /login HTTP/1.1" 302 -
0:0:0:0:0:0:0:1 - - [15/Nov/2017:15:22:24 +0000] "GET / HTTP/1.1" 200 1317
0:0:0:0:0:0:0:1 - - [15/Nov/2017:15:22:24 +0000] "GET /css/bootstrap.min.css HTTP/1.1" 200 121200
0:0:0:0:0:0:0:1 - - [15/Nov/2017:16:03:11 +0000] "POST /logout HTTP/1.1" 403 13
0:0:0:0:0:0:0:1 - - [15/Nov/2017:18:03:56 +0000] "GET / HTTP/1.1" 200 1249
0:0:0:0:0:0:0:1 - - [15/Nov/2017:18:03:56 +0000] "GET /css/bootstrap.min.css HTTP/1.1" 200 121200
0:0:0:0:0:0:0:1 - - [15/Nov/2017:18:04:03 +0000] "POST /logout HTTP/1.1" 302 -
0:0:0:0:0:0:0:1 - - [15/Nov/2017:18:04:03 +0000] "GET /login?logout HTTP/1.1" 200 1773
0:0:0:0:0:0:0:1 - - [15/Nov/2017:18:04:03 +0000] "GET /css/bootstrap.min.css HTTP/1.1" 200 121200
0:0:0:0:0:0:0:1 - - [15/Nov/2017:18:04:03 +0000] "GET /css/signin.css HTTP/1.1" 200 864
0:0:0:0:0:0:0:1 - - [15/Nov/2017:18:04:14 +0000] "POST /login HTTP/1.1" 302 -
0:0:0:0:0:0:0:1 - - [15/Nov/2017:18:04:14 +0000] "GET / HTTP/1.1" 200 1323
0:0:0:0:0:0:0:1 - - [15/Nov/2017:18:04:14 +0000] "GET /css/bootstrap.min.css HTTP/1.1" 200 121200
0:0:0:0:0:0:0:1 - - [15/Nov/2017:18:04:18 +0000] "POST /logout HTTP/1.1" 302 -
0:0:0:0:0:0:0:1 - - [15/Nov/2017:18:04:18 +0000] "GET /login?logout HTTP/1.1" 200 1773
0:0:0:0:0:0:0:1 - - [15/Nov/2017:18:04:18 +0000] "GET /css/bootstrap.min.css HTTP/1.1" 200 121200
0:0:0:0:0:0:0:1 - - [15/Nov/2017:18:04:18 +0000] "GET /css/signin.css HTTP/1.1" 200 864
0:0:0:0:0:0:0:1 - - [15/Nov/2017:18:04:23 +0000] "POST /login HTTP/1.1" 302 -
0:0:0:0:0:0:0:1 - - [15/Nov/2017:18:04:23 +0000] "GET / HTTP/1.1" 200 1317
0:0:0:0:0:0:0:1 - - [15/Nov/2017:18:04:23 +0000] "GET /css/bootstrap.min.css HTTP/1.1" 200 121200
0:0:0:0:0:0:0:1 - - [15/Nov/2017:18:05:26 +0000] "GET / HTTP/1.1" 200 1317
0:0:0:0:0:0:0:1 - - [15/Nov/2017:18:17:05 +0000] "GET / HTTP/1.1" 200 1244
0:0:0:0:0:0:0:1 - - [15/Nov/2017:18:17:05 +0000] "GET /css/bootstrap.min.css HTTP/1.1" 200 121200
0:0:0:0:0:0:0:1 - - [15/Nov/2017:18:17:11 +0000] "POST /logout HTTP/1.1" 302 -
0:0:0:0:0:0:0:1 - - [15/Nov/2017:18:17:11 +0000] "GET /login?logout HTTP/1.1" 200 1773
0:0:0:0:0:0:0:1 - - [15/Nov/2017:18:17:11 +0000] "GET /css/bootstrap.min.css HTTP/1.1" 200 121200
0:0:0:0:0:0:0:1 - - [15/Nov/2017:18:17:11 +0000] "GET /css/signin.css HTTP/1.1" 200 864
0:0:0:0:0:0:0:1 - - [15/Nov/2017:18:17:16 +0000] "POST /login HTTP/1.1" 302 -
0:0:0:0:0:0:0:1 - - [15/Nov/2017:18:17:16 +0000] "GET /login?error HTTP/1.1" 200 1774
0:0:0:0:0:0:0:1 - - [15/Nov/2017:18:17:16 +0000] "GET /css/bootstrap.min.css HTTP/1.1" 200 121200
0:0:0:0:0:0:0:1 - - [15/Nov/2017:18:17:16 +0000] "GET /css/signin.css HTTP/1.1" 200 864
0:0:0:0:0:0:0:1 - - [15/Nov/2017:18:19:06 +0000] "POST /login HTTP/1.1" 302 -
0:0:0:0:0:0:0:1 - - [15/Nov/2017:18:19:06 +0000] "GET /login?error HTTP/1.1" 500 13
127.0.0.1 - - [15/Nov/2017:19:56:24 +0000] "POST /auth/login HTTP/1.1" 403 13
127.0.0.1 - - [15/Nov/2017:20:06:20 +0000] "POST /auth/login HTTP/1.1" 403 13
0:0:0:0:0:0:0:1 - - [15/Nov/2017:20:07:46 +0000] "GET /auth/login HTTP/1.1" 405 13
0:0:0:0:0:0:0:1 - - [15/Nov/2017:20:14:17 +0000] "GET /auth/refresh HTTP/1.1" 500 13
127.0.0.1 - - [15/Nov/2017:20:14:56 +0000] "GET /auth/refresh HTTP/1.1" 500 13
127.0.0.1 - - [15/Nov/2017:20:15:57 +0000] "GET /admin/test1 HTTP/1.1" 403 13
127.0.0.1 - - [15/Nov/2017:20:16:41 +0000] "POST /auth/login HTTP/1.1" 403 13
127.0.0.1 - - [15/Nov/2017:20:19:34 +0000] "POST /auth/login HTTP/1.1" 200 213
127.0.0.1 - - [15/Nov/2017:20:19:50 +0000] "GET /auth/refresh HTTP/1.1" 500 13
127.0.0.1 - - [15/Nov/2017:20:20:21 +0000] "GET /admin/test1 HTTP/1.1" 403 13
127.0.0.1 - - [15/Nov/2017:20:20:22 +0000] "GET /admin/test1 HTTP/1.1" 403 13
127.0.0.1 - - [15/Nov/2017:20:20:22 +0000] "GET /admin/test1 HTTP/1.1" 403 13
127.0.0.1 - - [15/Nov/2017:20:20:23 +0000] "GET /admin/test1 HTTP/1.1" 403 13
