0:0:0:0:0:0:0:1 - - [14/Nov/2017:15:25:38 +0000] "GET /users/1 HTTP/1.1" 404 306
0:0:0:0:0:0:0:1 - - [14/Nov/2017:15:25:39 +0000] "GET /favicon.ico HTTP/1.1" 200 946
0:0:0:0:0:0:0:1 - - [14/Nov/2017:15:25:42 +0000] "GET /user HTTP/1.1" 500 370
0:0:0:0:0:0:0:1 - - [14/Nov/2017:15:28:28 +0000] "GET /user HTTP/1.1" 500 370
0:0:0:0:0:0:0:1 - - [14/Nov/2017:15:28:28 +0000] "GET /favicon.ico HTTP/1.1" 200 946
0:0:0:0:0:0:0:1 - - [14/Nov/2017:15:29:33 +0000] "GET /user HTTP/1.1" 500 370
0:0:0:0:0:0:0:1 - - [14/Nov/2017:15:29:33 +0000] "GET /favicon.ico HTTP/1.1" 200 946
0:0:0:0:0:0:0:1 - - [14/Nov/2017:15:34:19 +0000] "GET /user/a HTTP/1.1" 200 69
0:0:0:0:0:0:0:1 - - [14/Nov/2017:15:53:13 +0000] "GET /users HTTP/1.1" 200 161
0:0:0:0:0:0:0:1 - - [14/Nov/2017:15:58:58 +0000] "GET /add HTTP/1.1" 500 424
0:0:0:0:0:0:0:1 - - [14/Nov/2017:17:27:05 +0000] "GET /add1 HTTP/1.1" 404 13
0:0:0:0:0:0:0:1 - - [14/Nov/2017:17:27:13 +0000] "GET /add2 HTTP/1.1" 404 13
0:0:0:0:0:0:0:1 - - [14/Nov/2017:17:41:13 +0000] "GET /add2 HTTP/1.1" 404 13
0:0:0:0:0:0:0:1 - - [14/Nov/2017:17:41:22 +0000] "GET /add1 HTTP/1.1" 404 13
0:0:0:0:0:0:0:1 - - [14/Nov/2017:19:44:37 +0000] "GET /hello HTTP/1.1" 500 13
0:0:0:0:0:0:0:1 - - [14/Nov/2017:19:45:18 +0000] "GET /hello HTTP/1.1" 500 13
0:0:0:0:0:0:0:1 - - [14/Nov/2017:19:45:19 +0000] "GET /favicon.ico HTTP/1.1" 200 946
0:0:0:0:0:0:0:1 - - [14/Nov/2017:19:46:17 +0000] "GET /hello HTTP/1.1" 500 13
0:0:0:0:0:0:0:1 - - [14/Nov/2017:19:46:18 +0000] "GET /favicon.ico HTTP/1.1" 200 946
0:0:0:0:0:0:0:1 - - [14/Nov/2017:19:47:49 +0000] "GET /hello HTTP/1.1" 500 13
0:0:0:0:0:0:0:1 - - [14/Nov/2017:19:47:50 +0000] "GET /favicon.ico HTTP/1.1" 200 946
0:0:0:0:0:0:0:1 - - [14/Nov/2017:19:52:40 +0000] "GET /hello HTTP/1.1" 500 13
0:0:0:0:0:0:0:1 - - [14/Nov/2017:19:52:40 +0000] "GET /favicon.ico HTTP/1.1" 200 946
0:0:0:0:0:0:0:1 - - [14/Nov/2017:19:55:02 +0000] "GET /hello HTTP/1.1" 500 13
0:0:0:0:0:0:0:1 - - [14/Nov/2017:19:55:03 +0000] "GET /favicon.ico HTTP/1.1" 200 946
0:0:0:0:0:0:0:1 - - [14/Nov/2017:19:57:00 +0000] "GET /hello HTTP/1.1" 500 13
0:0:0:0:0:0:0:1 - - [14/Nov/2017:19:57:01 +0000] "GET /favicon.ico HTTP/1.1" 200 946
0:0:0:0:0:0:0:1 - - [14/Nov/2017:19:58:17 +0000] "GET /hello HTTP/1.1" 500 13
0:0:0:0:0:0:0:1 - - [14/Nov/2017:19:58:17 +0000] "GET /favicon.ico HTTP/1.1" 200 946
